[20-Jul-2017 20:11:56 UTC] PHP Warning:  fclose() expects parameter 1 to be resource, boolean given in phar:///chroot/wp-cli/vendor/wp-cli/wp-cli/bin/wp-cli.phar/vendor/rmccue/requests/library/Requests/Transport/cURL.php on line 409
[20-Jul-2017 20:11:57 UTC] PHP Warning:  fopen(/tmp/eJxNUMFugzAU-xq4NUoekNADh7QsGmOa1NJqWm8hhJaNFJSk28rXLzttkk-2ZVvuCtUqSeOhAEwYZoAB4zUGtIaEMiSAE8FywTcbnG4zGqX4bOXn4O_zeHNotlN8KaDHWSepTnsNCtpcMQDWpyrvSUszhuOxuHg_RwmPQAT8SzD39qY-tEcuQdLIZbrKL4fUZP5s_WSNWzlvh1mvzGQ1ImiNABFA-y1ByxCCBX9tuFLauVrfqy5KSl5X_OmR7Ur-fGLHffp2KEM7ffieB6tdMJAMY0oZSyHQzXC-Sn-zOghQdbv-Osr3kzj4CDIQjXuxdsuPS-28C0xSxrYwOnxhpFVhpleX380_ZppnMg-k44x3W.tmp): failed to open stream: File name too long in phar:///chroot/wp-cli/vendor/wp-cli/wp-cli/bin/wp-cli.phar/vendor/rmccue/requests/library/Requests/Transport/cURL.php on line 138
[20-Jul-2017 20:11:59 UTC] PHP Warning:  fclose() expects parameter 1 to be resource, boolean given in phar:///chroot/wp-cli/vendor/wp-cli/wp-cli/bin/wp-cli.phar/vendor/rmccue/requests/library/Requests/Transport/cURL.php on line 409
[20-Jul-2017 20:11:59 UTC] PHP Warning:  unlink(/tmp/eJxNUMFugzAU-xq4NUoekNADh7QsGmOa1NJqWm8hhJaNFJSk28rXLzttkk-2ZVvuCtUqSeOhAEwYZoAB4zUGtIaEMiSAE8FywTcbnG4zGqX4bOXn4O_zeHNotlN8KaDHWSepTnsNCtpcMQDWpyrvSUszhuOxuHg_RwmPQAT8SzD39qY-tEcuQdLIZbrKL4fUZP5s_WSNWzlvh1mvzGQ1ImiNABFA-y1ByxCCBX9tuFLauVrfqy5KSl5X_OmR7Ur-fGLHffp2KEM7ffieB6tdMJAMY0oZSyHQzXC-Sn-zOghQdbv-Osr3kzj4CDIQjXuxdsuPS-28C0xSxrYwOnxhpFVhpleX380_ZppnMg-k44x3W.tmp): File name too long in /home/marcgrat/staging/2/wp-admin/includes/class-wp-upgrader.php on line 324
[20-Jul-2017 20:12:12 UTC] PHP Warning:  fclose() expects parameter 1 to be resource, boolean given in phar:///chroot/wp-cli/vendor/wp-cli/wp-cli/bin/wp-cli.phar/vendor/rmccue/requests/library/Requests/Transport/cURL.php on line 409
[20-Jul-2017 20:12:12 UTC] PHP Warning:  fopen(/tmp/eJxNUMFugzAU-xq4NUoekNADh7QsGmOa1NJqWm8hhJaNFJSk28rXLzttkk-2ZVvuCtUqSeOhAEwYZoAB4zUGtIaEMiSAE8FywTcbnG4zGqX4bOXn4O_zeHNotlN8KaDHWSepTnsNCtpcMQDWpyrvSUszhuOxuHg_RwmPQAT8SzD39qY-tEcuQdLIZbrKL4fUZP5s_WSNWzlvh1mvzGQ1ImiNABFA-y1ByxCCBX9tuFLauVrfqy5KSl5X_OmR7Ur-fGLHffp2KEM7ffieB6tdMJAMY0oZSyHQzXC-Sn-zOghQdbv-Osr3kzj4CDIQjXuxdsuPS-28C0xSxrYwOnxhpFVhpleX380_ZppnMg-vDAEa9.tmp): failed to open stream: File name too long in phar:///chroot/wp-cli/vendor/wp-cli/wp-cli/bin/wp-cli.phar/vendor/rmccue/requests/library/Requests/Transport/cURL.php on line 138
[20-Jul-2017 20:12:13 UTC] PHP Warning:  fclose() expects parameter 1 to be resource, boolean given in phar:///chroot/wp-cli/vendor/wp-cli/wp-cli/bin/wp-cli.phar/vendor/rmccue/requests/library/Requests/Transport/cURL.php on line 409
[20-Jul-2017 20:12:13 UTC] PHP Warning:  unlink(/tmp/eJxNUMFugzAU-xq4NUoekNADh7QsGmOa1NJqWm8hhJaNFJSk28rXLzttkk-2ZVvuCtUqSeOhAEwYZoAB4zUGtIaEMiSAE8FywTcbnG4zGqX4bOXn4O_zeHNotlN8KaDHWSepTnsNCtpcMQDWpyrvSUszhuOxuHg_RwmPQAT8SzD39qY-tEcuQdLIZbrKL4fUZP5s_WSNWzlvh1mvzGQ1ImiNABFA-y1ByxCCBX9tuFLauVrfqy5KSl5X_OmR7Ur-fGLHffp2KEM7ffieB6tdMJAMY0oZSyHQzXC-Sn-zOghQdbv-Osr3kzj4CDIQjXuxdsuPS-28C0xSxrYwOnxhpFVhpleX380_ZppnMg-vDAEa9.tmp): File name too long in /home/marcgrat/staging/2/wp-admin/includes/class-wp-upgrader.php on line 324
[20-Jul-2017 21:38:43 UTC] PHP Notice:  Undefined index: live_secret_key in /home/marcgrat/staging/2/wp-content/plugins/gravity-forms-stripe/includes/class-gfp-stripe.php on line 2790
[20-Jul-2017 21:38:43 UTC] PHP Notice:  Undefined index: live_publishable_key in /home/marcgrat/staging/2/wp-content/plugins/gravity-forms-stripe/includes/class-gfp-stripe.php on line 2816
[20-Jul-2017 21:47:10 UTC] PHP Strict Standards:  call_user_func_array() expects parameter 1 to be a valid callback, non-static method GFPMoreStripe::gform_form_list_columns() should not be called statically in /home/marcgrat/staging/2/wp-includes/class-wp-hook.php on line 298
[20-Jul-2017 21:47:10 UTC] PHP Strict Standards:  Non-static method GFPMoreStripe::get_all_stripe_feeds() should not be called statically in /home/marcgrat/staging/2/wp-content/plugins/gravityforms-stripe-more/more-stripe.php on line 1791
[20-Jul-2017 21:47:10 UTC] PHP Strict Standards:  call_user_func_array() expects parameter 1 to be a valid callback, non-static method GFPMoreStripe::gform_form_list_column_stripe() should not be called statically in /home/marcgrat/staging/2/wp-includes/class-wp-hook.php on line 298
[20-Jul-2017 21:50:42 UTC] PHP Strict Standards:  call_user_func_array() expects parameter 1 to be a valid callback, non-static method GFPMoreStripe::gform_form_list_columns() should not be called statically in /home/marcgrat/staging/2/wp-includes/class-wp-hook.php on line 298
[20-Jul-2017 21:50:42 UTC] PHP Strict Standards:  Non-static method GFPMoreStripe::get_all_stripe_feeds() should not be called statically in /home/marcgrat/staging/2/wp-content/plugins/gravityforms-stripe-more/more-stripe.php on line 1791
[20-Jul-2017 21:50:42 UTC] PHP Strict Standards:  call_user_func_array() expects parameter 1 to be a valid callback, non-static method GFPMoreStripe::gform_form_list_column_stripe() should not be called statically in /home/marcgrat/staging/2/wp-includes/class-wp-hook.php on line 298
[20-Jul-2017 21:52:01 UTC] PHP Strict Standards:  call_user_func_array() expects parameter 1 to be a valid callback, non-static method GFReadyClassesAddon::render_editor_js() should not be called statically in /home/marcgrat/staging/2/wp-includes/class-wp-hook.php on line 298
[20-Jul-2017 21:52:01 UTC] PHP Strict Standards:  Non-static method GFAddonCommon::get_base_url() should not be called statically in /home/marcgrat/staging/2/wp-content/plugins/gravity-forms-css-ready-selector/gf-readyclasses-addon.php on line 59
[20-Jul-2017 21:52:23 UTC] PHP Strict Standards:  call_user_func_array() expects parameter 1 to be a valid callback, non-static method GFReadyClassesAddon::render_editor_js() should not be called statically in /home/marcgrat/staging/2/wp-includes/class-wp-hook.php on line 298
[20-Jul-2017 21:52:23 UTC] PHP Strict Standards:  Non-static method GFAddonCommon::get_base_url() should not be called statically in /home/marcgrat/staging/2/wp-content/plugins/gravity-forms-css-ready-selector/gf-readyclasses-addon.php on line 59
[20-Jul-2017 23:11:17 UTC] PHP Notice:  Undefined index: live_secret_key in /home/marcgrat/staging/2/wp-content/plugins/gravity-forms-stripe/includes/class-gfp-stripe.php on line 2790
[20-Jul-2017 23:11:17 UTC] PHP Notice:  Undefined index: live_publishable_key in /home/marcgrat/staging/2/wp-content/plugins/gravity-forms-stripe/includes/class-gfp-stripe.php on line 2816
[20-Jul-2017 23:12:34 UTC] PHP Strict Standards:  call_user_func_array() expects parameter 1 to be a valid callback, non-static method GFReadyClassesAddon::render_editor_js() should not be called statically in /home/marcgrat/staging/2/wp-includes/class-wp-hook.php on line 298
[20-Jul-2017 23:12:34 UTC] PHP Strict Standards:  Non-static method GFAddonCommon::get_base_url() should not be called statically in /home/marcgrat/staging/2/wp-content/plugins/gravity-forms-css-ready-selector/gf-readyclasses-addon.php on line 59
[20-Jul-2017 23:19:55 UTC] PHP Notice:  Undefined index: live_secret_key in /home/marcgrat/staging/2/wp-content/plugins/gravity-forms-stripe/includes/class-gfp-stripe.php on line 2790
[20-Jul-2017 23:19:55 UTC] PHP Notice:  Undefined index: live_publishable_key in /home/marcgrat/staging/2/wp-content/plugins/gravity-forms-stripe/includes/class-gfp-stripe.php on line 2816
[20-Jul-2017 23:20:28 UTC] PHP Notice:  Undefined index: live_secret_key in /home/marcgrat/staging/2/wp-content/plugins/gravity-forms-stripe/includes/class-gfp-stripe.php on line 2790
[20-Jul-2017 23:20:28 UTC] PHP Notice:  Undefined index: live_publishable_key in /home/marcgrat/staging/2/wp-content/plugins/gravity-forms-stripe/includes/class-gfp-stripe.php on line 2816
[20-Jul-2017 23:20:34 UTC] PHP Notice:  unserialize(): Error at offset 0 of 362 bytes in /home/marcgrat/staging/2/wp-content/plugins/gravityforms-stripe-more/plugin-upgrade.php on line 168
[20-Jul-2017 23:20:34 UTC] PHP Notice:  Undefined index: is_valid_key in /home/marcgrat/staging/2/wp-content/plugins/gravityforms-stripe-more/plugin-upgrade.php on line 170
[20-Jul-2017 23:20:34 UTC] PHP Notice:  Undefined index: version in /home/marcgrat/staging/2/wp-content/plugins/gravityforms-stripe-more/plugin-upgrade.php on line 171
[20-Jul-2017 23:20:34 UTC] PHP Notice:  Undefined index: package in /home/marcgrat/staging/2/wp-content/plugins/gravityforms-stripe-more/plugin-upgrade.php on line 172
[20-Jul-2017 23:20:34 UTC] PHP Notice:  Undefined index: version_details in /home/marcgrat/staging/2/wp-content/plugins/gravityforms-stripe-more/plugin-upgrade.php on line 173
[20-Jul-2017 23:20:34 UTC] PHP Notice:  Undefined index: live_secret_key in /home/marcgrat/staging/2/wp-content/plugins/gravity-forms-stripe/includes/class-gfp-stripe.php on line 2790
[20-Jul-2017 23:20:34 UTC] PHP Notice:  Undefined index: live_publishable_key in /home/marcgrat/staging/2/wp-content/plugins/gravity-forms-stripe/includes/class-gfp-stripe.php on line 2816
[20-Jul-2017 23:25:21 UTC] PHP Strict Standards:  call_user_func_array() expects parameter 1 to be a valid callback, non-static method GFPMoreStripe::gform_form_list_columns() should not be called statically in /home/marcgrat/staging/2/wp-includes/class-wp-hook.php on line 298
[20-Jul-2017 23:25:21 UTC] PHP Strict Standards:  Non-static method GFPMoreStripe::get_all_stripe_feeds() should not be called statically in /home/marcgrat/staging/2/wp-content/plugins/gravityforms-stripe-more/more-stripe.php on line 1791
[20-Jul-2017 23:25:21 UTC] PHP Strict Standards:  call_user_func_array() expects parameter 1 to be a valid callback, non-static method GFPMoreStripe::gform_form_list_column_stripe() should not be called statically in /home/marcgrat/staging/2/wp-includes/class-wp-hook.php on line 298
[20-Jul-2017 23:26:22 UTC] PHP Strict Standards:  call_user_func_array() expects parameter 1 to be a valid callback, non-static method GFPMoreStripe::gform_form_list_columns() should not be called statically in /home/marcgrat/staging/2/wp-includes/class-wp-hook.php on line 298
[20-Jul-2017 23:26:22 UTC] PHP Strict Standards:  Non-static method GFPMoreStripe::get_all_stripe_feeds() should not be called statically in /home/marcgrat/staging/2/wp-content/plugins/gravityforms-stripe-more/more-stripe.php on line 1791
[20-Jul-2017 23:26:22 UTC] PHP Strict Standards:  call_user_func_array() expects parameter 1 to be a valid callback, non-static method GFPMoreStripe::gform_form_list_column_stripe() should not be called statically in /home/marcgrat/staging/2/wp-includes/class-wp-hook.php on line 298
[21-Jul-2017 00:03:00 UTC] WP_Community_Events::maybe_log_events_response: Valid response received. Details: {"api_url":"https:\/\/api.wordpress.org\/events\/1.0\/","request_args":{"body":{"number":5,"ip":"129.120.96.0","locale":"en_US","timezone":"America\/Chicago"}},"response_code":200,"response_body":{"location":{"ip":"129.120.96.0"},"events":"5 events trimmed."}}
[21-Jul-2017 00:11:51 UTC] PHP Strict Standards:  call_user_func_array() expects parameter 1 to be a valid callback, non-static method GFPMoreStripe::gform_form_list_columns() should not be called statically in /home/marcgrat/staging/2/wp-includes/class-wp-hook.php on line 298
[21-Jul-2017 00:11:51 UTC] PHP Strict Standards:  Non-static method GFPMoreStripe::get_all_stripe_feeds() should not be called statically in /home/marcgrat/staging/2/wp-content/plugins/gravityforms-stripe-more/more-stripe.php on line 1791
[21-Jul-2017 00:11:51 UTC] PHP Strict Standards:  call_user_func_array() expects parameter 1 to be a valid callback, non-static method GFPMoreStripe::gform_form_list_column_stripe() should not be called statically in /home/marcgrat/staging/2/wp-includes/class-wp-hook.php on line 298
[21-Jul-2017 00:12:14 UTC] PHP Strict Standards:  call_user_func_array() expects parameter 1 to be a valid callback, non-static method GFReadyClassesAddon::render_editor_js() should not be called statically in /home/marcgrat/staging/2/wp-includes/class-wp-hook.php on line 298
[21-Jul-2017 00:12:14 UTC] PHP Strict Standards:  Non-static method GFAddonCommon::get_base_url() should not be called statically in /home/marcgrat/staging/2/wp-content/plugins/gravity-forms-css-ready-selector/gf-readyclasses-addon.php on line 59
[21-Jul-2017 00:18:04 UTC] PHP Strict Standards:  call_user_func_array() expects parameter 1 to be a valid callback, non-static method GFReadyClassesAddon::render_editor_js() should not be called statically in /home/marcgrat/staging/2/wp-includes/class-wp-hook.php on line 298
[21-Jul-2017 00:18:04 UTC] PHP Strict Standards:  Non-static method GFAddonCommon::get_base_url() should not be called statically in /home/marcgrat/staging/2/wp-content/plugins/gravity-forms-css-ready-selector/gf-readyclasses-addon.php on line 59
[21-Jul-2017 00:19:50 UTC] PHP Strict Standards:  call_user_func_array() expects parameter 1 to be a valid callback, non-static method GFPMoreStripe::gform_form_list_columns() should not be called statically in /home/marcgrat/staging/2/wp-includes/class-wp-hook.php on line 298
[21-Jul-2017 00:19:50 UTC] PHP Strict Standards:  Non-static method GFPMoreStripe::get_all_stripe_feeds() should not be called statically in /home/marcgrat/staging/2/wp-content/plugins/gravityforms-stripe-more/more-stripe.php on line 1791
[21-Jul-2017 00:19:50 UTC] PHP Strict Standards:  call_user_func_array() expects parameter 1 to be a valid callback, non-static method GFPMoreStripe::gform_form_list_column_stripe() should not be called statically in /home/marcgrat/staging/2/wp-includes/class-wp-hook.php on line 298
[21-Jul-2017 00:19:54 UTC] PHP Strict Standards:  call_user_func_array() expects parameter 1 to be a valid callback, non-static method GFReadyClassesAddon::render_editor_js() should not be called statically in /home/marcgrat/staging/2/wp-includes/class-wp-hook.php on line 298
[21-Jul-2017 00:19:54 UTC] PHP Strict Standards:  Non-static method GFAddonCommon::get_base_url() should not be called statically in /home/marcgrat/staging/2/wp-content/plugins/gravity-forms-css-ready-selector/gf-readyclasses-addon.php on line 59
[21-Jul-2017 00:23:32 UTC] PHP Strict Standards:  call_user_func_array() expects parameter 1 to be a valid callback, non-static method GFReadyClassesAddon::render_editor_js() should not be called statically in /home/marcgrat/staging/2/wp-includes/class-wp-hook.php on line 298
[21-Jul-2017 00:23:32 UTC] PHP Strict Standards:  Non-static method GFAddonCommon::get_base_url() should not be called statically in /home/marcgrat/staging/2/wp-content/plugins/gravity-forms-css-ready-selector/gf-readyclasses-addon.php on line 59
[21-Jul-2017 00:28:00 UTC] PHP Strict Standards:  call_user_func_array() expects parameter 1 to be a valid callback, non-static method GFPMoreStripe::gform_form_list_columns() should not be called statically in /home/marcgrat/staging/2/wp-includes/class-wp-hook.php on line 298
[21-Jul-2017 00:28:00 UTC] PHP Strict Standards:  Non-static method GFPMoreStripe::get_all_stripe_feeds() should not be called statically in /home/marcgrat/staging/2/wp-content/plugins/gravityforms-stripe-more/more-stripe.php on line 1791
[21-Jul-2017 00:28:00 UTC] PHP Strict Standards:  call_user_func_array() expects parameter 1 to be a valid callback, non-static method GFPMoreStripe::gform_form_list_column_stripe() should not be called statically in /home/marcgrat/staging/2/wp-includes/class-wp-hook.php on line 298
[21-Jul-2017 00:29:01 UTC] PHP Strict Standards:  call_user_func_array() expects parameter 1 to be a valid callback, non-static method GFReadyClassesAddon::render_editor_js() should not be called statically in /home/marcgrat/staging/2/wp-includes/class-wp-hook.php on line 298
[21-Jul-2017 00:29:01 UTC] PHP Strict Standards:  Non-static method GFAddonCommon::get_base_url() should not be called statically in /home/marcgrat/staging/2/wp-content/plugins/gravity-forms-css-ready-selector/gf-readyclasses-addon.php on line 59
[21-Jul-2017 00:35:15 UTC] PHP Strict Standards:  call_user_func_array() expects parameter 1 to be a valid callback, non-static method GFReadyClassesAddon::render_editor_js() should not be called statically in /home/marcgrat/staging/2/wp-includes/class-wp-hook.php on line 298
[21-Jul-2017 00:35:15 UTC] PHP Strict Standards:  Non-static method GFAddonCommon::get_base_url() should not be called statically in /home/marcgrat/staging/2/wp-content/plugins/gravity-forms-css-ready-selector/gf-readyclasses-addon.php on line 59
[21-Jul-2017 00:35:39 UTC] PHP Strict Standards:  call_user_func_array() expects parameter 1 to be a valid callback, non-static method GFReadyClassesAddon::render_editor_js() should not be called statically in /home/marcgrat/staging/2/wp-includes/class-wp-hook.php on line 298
[21-Jul-2017 00:35:39 UTC] PHP Strict Standards:  Non-static method GFAddonCommon::get_base_url() should not be called statically in /home/marcgrat/staging/2/wp-content/plugins/gravity-forms-css-ready-selector/gf-readyclasses-addon.php on line 59
[21-Jul-2017 00:38:59 UTC] PHP Strict Standards:  call_user_func_array() expects parameter 1 to be a valid callback, non-static method GFReadyClassesAddon::render_editor_js() should not be called statically in /home/marcgrat/staging/2/wp-includes/class-wp-hook.php on line 298
[21-Jul-2017 00:38:59 UTC] PHP Strict Standards:  Non-static method GFAddonCommon::get_base_url() should not be called statically in /home/marcgrat/staging/2/wp-content/plugins/gravity-forms-css-ready-selector/gf-readyclasses-addon.php on line 59
[21-Jul-2017 00:39:19 UTC] PHP Strict Standards:  call_user_func_array() expects parameter 1 to be a valid callback, non-static method GFReadyClassesAddon::render_editor_js() should not be called statically in /home/marcgrat/staging/2/wp-includes/class-wp-hook.php on line 298
[21-Jul-2017 00:39:19 UTC] PHP Strict Standards:  Non-static method GFAddonCommon::get_base_url() should not be called statically in /home/marcgrat/staging/2/wp-content/plugins/gravity-forms-css-ready-selector/gf-readyclasses-addon.php on line 59
[21-Jul-2017 00:42:29 UTC] PHP Notice:  get_currentuserinfo is <strong>deprecated</strong> since version 4.5.0! Use wp_get_current_user() instead. in /home/marcgrat/staging/2/wp-includes/functions.php on line 3831
[21-Jul-2017 00:46:24 UTC] PHP Notice:  get_currentuserinfo is <strong>deprecated</strong> since version 4.5.0! Use wp_get_current_user() instead. in /home/marcgrat/staging/2/wp-includes/functions.php on line 3831
[21-Jul-2017 00:53:24 UTC] PHP Strict Standards:  call_user_func_array() expects parameter 1 to be a valid callback, non-static method GFPMoreStripe::gform_form_list_columns() should not be called statically in /home/marcgrat/staging/2/wp-includes/class-wp-hook.php on line 298
[21-Jul-2017 00:53:24 UTC] PHP Strict Standards:  Non-static method GFPMoreStripe::get_all_stripe_feeds() should not be called statically in /home/marcgrat/staging/2/wp-content/plugins/gravityforms-stripe-more/more-stripe.php on line 1791
[21-Jul-2017 00:53:24 UTC] PHP Strict Standards:  call_user_func_array() expects parameter 1 to be a valid callback, non-static method GFPMoreStripe::gform_form_list_column_stripe() should not be called statically in /home/marcgrat/staging/2/wp-includes/class-wp-hook.php on line 298
[21-Jul-2017 00:53:28 UTC] PHP Strict Standards:  call_user_func_array() expects parameter 1 to be a valid callback, non-static method GFReadyClassesAddon::render_editor_js() should not be called statically in /home/marcgrat/staging/2/wp-includes/class-wp-hook.php on line 298
[21-Jul-2017 00:53:28 UTC] PHP Strict Standards:  Non-static method GFAddonCommon::get_base_url() should not be called statically in /home/marcgrat/staging/2/wp-content/plugins/gravity-forms-css-ready-selector/gf-readyclasses-addon.php on line 59
[21-Jul-2017 00:55:56 UTC] PHP Strict Standards:  call_user_func_array() expects parameter 1 to be a valid callback, non-static method GFReadyClassesAddon::render_editor_js() should not be called statically in /home/marcgrat/staging/2/wp-includes/class-wp-hook.php on line 298
[21-Jul-2017 00:55:56 UTC] PHP Strict Standards:  Non-static method GFAddonCommon::get_base_url() should not be called statically in /home/marcgrat/staging/2/wp-content/plugins/gravity-forms-css-ready-selector/gf-readyclasses-addon.php on line 59
[21-Jul-2017 00:58:07 UTC] PHP Strict Standards:  call_user_func_array() expects parameter 1 to be a valid callback, non-static method GFReadyClassesAddon::render_editor_js() should not be called statically in /home/marcgrat/staging/2/wp-includes/class-wp-hook.php on line 298
[21-Jul-2017 00:58:07 UTC] PHP Strict Standards:  Non-static method GFAddonCommon::get_base_url() should not be called statically in /home/marcgrat/staging/2/wp-content/plugins/gravity-forms-css-ready-selector/gf-readyclasses-addon.php on line 59
[21-Jul-2017 01:06:02 UTC] PHP Strict Standards:  call_user_func_array() expects parameter 1 to be a valid callback, non-static method GFReadyClassesAddon::render_editor_js() should not be called statically in /home/marcgrat/staging/2/wp-includes/class-wp-hook.php on line 298
[21-Jul-2017 01:06:02 UTC] PHP Strict Standards:  Non-static method GFAddonCommon::get_base_url() should not be called statically in /home/marcgrat/staging/2/wp-content/plugins/gravity-forms-css-ready-selector/gf-readyclasses-addon.php on line 59
[21-Jul-2017 01:07:42 UTC] PHP Notice:  unserialize(): Error at offset 0 of 362 bytes in /home/marcgrat/staging/2/wp-content/plugins/gravityforms-stripe-more/plugin-upgrade.php on line 168
[21-Jul-2017 01:07:42 UTC] PHP Notice:  Undefined index: is_valid_key in /home/marcgrat/staging/2/wp-content/plugins/gravityforms-stripe-more/plugin-upgrade.php on line 170
[21-Jul-2017 01:07:42 UTC] PHP Notice:  Undefined index: version in /home/marcgrat/staging/2/wp-content/plugins/gravityforms-stripe-more/plugin-upgrade.php on line 171
[21-Jul-2017 01:07:42 UTC] PHP Notice:  Undefined index: package in /home/marcgrat/staging/2/wp-content/plugins/gravityforms-stripe-more/plugin-upgrade.php on line 172
[21-Jul-2017 01:07:42 UTC] PHP Notice:  Undefined index: version_details in /home/marcgrat/staging/2/wp-content/plugins/gravityforms-stripe-more/plugin-upgrade.php on line 173
[21-Jul-2017 01:07:43 UTC] PHP Notice:  unserialize(): Error at offset 0 of 362 bytes in /home/marcgrat/staging/2/wp-content/plugins/gravityforms-stripe-more/plugin-upgrade.php on line 168
[21-Jul-2017 01:07:43 UTC] PHP Notice:  Undefined index: is_valid_key in /home/marcgrat/staging/2/wp-content/plugins/gravityforms-stripe-more/plugin-upgrade.php on line 170
[21-Jul-2017 01:07:43 UTC] PHP Notice:  Undefined index: version in /home/marcgrat/staging/2/wp-content/plugins/gravityforms-stripe-more/plugin-upgrade.php on line 171
[21-Jul-2017 01:07:43 UTC] PHP Notice:  Undefined index: package in /home/marcgrat/staging/2/wp-content/plugins/gravityforms-stripe-more/plugin-upgrade.php on line 172
[21-Jul-2017 01:07:43 UTC] PHP Notice:  Undefined index: version_details in /home/marcgrat/staging/2/wp-content/plugins/gravityforms-stripe-more/plugin-upgrade.php on line 173
[21-Jul-2017 01:07:44 UTC] PHP Notice:  unserialize(): Error at offset 0 of 362 bytes in /home/marcgrat/staging/2/wp-content/plugins/gravityforms-stripe-more/plugin-upgrade.php on line 168
[21-Jul-2017 01:07:44 UTC] PHP Notice:  Undefined index: is_valid_key in /home/marcgrat/staging/2/wp-content/plugins/gravityforms-stripe-more/plugin-upgrade.php on line 170
[21-Jul-2017 01:07:44 UTC] PHP Notice:  Undefined index: version in /home/marcgrat/staging/2/wp-content/plugins/gravityforms-stripe-more/plugin-upgrade.php on line 171
[21-Jul-2017 01:07:44 UTC] PHP Notice:  Undefined index: package in /home/marcgrat/staging/2/wp-content/plugins/gravityforms-stripe-more/plugin-upgrade.php on line 172
[21-Jul-2017 01:07:44 UTC] PHP Notice:  Undefined index: version_details in /home/marcgrat/staging/2/wp-content/plugins/gravityforms-stripe-more/plugin-upgrade.php on line 173
[21-Jul-2017 01:07:44 UTC] PHP Notice:  unserialize(): Error at offset 0 of 362 bytes in /home/marcgrat/staging/2/wp-content/plugins/gravityforms-stripe-more/plugin-upgrade.php on line 168
[21-Jul-2017 01:07:44 UTC] PHP Notice:  Undefined index: is_valid_key in /home/marcgrat/staging/2/wp-content/plugins/gravityforms-stripe-more/plugin-upgrade.php on line 170
[21-Jul-2017 01:07:44 UTC] PHP Notice:  Undefined index: version in /home/marcgrat/staging/2/wp-content/plugins/gravityforms-stripe-more/plugin-upgrade.php on line 171
[21-Jul-2017 01:07:44 UTC] PHP Notice:  Undefined index: package in /home/marcgrat/staging/2/wp-content/plugins/gravityforms-stripe-more/plugin-upgrade.php on line 172
[21-Jul-2017 01:07:44 UTC] PHP Notice:  Undefined index: version_details in /home/marcgrat/staging/2/wp-content/plugins/gravityforms-stripe-more/plugin-upgrade.php on line 173
[21-Jul-2017 01:07:49 UTC] PHP Notice:  unserialize(): Error at offset 0 of 362 bytes in /home/marcgrat/staging/2/wp-content/plugins/gravityforms-stripe-more/plugin-upgrade.php on line 168
[21-Jul-2017 01:07:49 UTC] PHP Notice:  Undefined index: is_valid_key in /home/marcgrat/staging/2/wp-content/plugins/gravityforms-stripe-more/plugin-upgrade.php on line 170
[21-Jul-2017 01:07:49 UTC] PHP Notice:  Undefined index: version in /home/marcgrat/staging/2/wp-content/plugins/gravityforms-stripe-more/plugin-upgrade.php on line 171
[21-Jul-2017 01:07:49 UTC] PHP Notice:  Undefined index: package in /home/marcgrat/staging/2/wp-content/plugins/gravityforms-stripe-more/plugin-upgrade.php on line 172
[21-Jul-2017 01:07:49 UTC] PHP Notice:  Undefined index: version_details in /home/marcgrat/staging/2/wp-content/plugins/gravityforms-stripe-more/plugin-upgrade.php on line 173
[21-Jul-2017 01:07:49 UTC] PHP Notice:  unserialize(): Error at offset 0 of 362 bytes in /home/marcgrat/staging/2/wp-content/plugins/gravityforms-stripe-more/plugin-upgrade.php on line 168
[21-Jul-2017 01:07:49 UTC] PHP Notice:  Undefined index: is_valid_key in /home/marcgrat/staging/2/wp-content/plugins/gravityforms-stripe-more/plugin-upgrade.php on line 170
[21-Jul-2017 01:07:49 UTC] PHP Notice:  Undefined index: version in /home/marcgrat/staging/2/wp-content/plugins/gravityforms-stripe-more/plugin-upgrade.php on line 171
[21-Jul-2017 01:07:49 UTC] PHP Notice:  Undefined index: package in /home/marcgrat/staging/2/wp-content/plugins/gravityforms-stripe-more/plugin-upgrade.php on line 172
[21-Jul-2017 01:07:49 UTC] PHP Notice:  Undefined index: version_details in /home/marcgrat/staging/2/wp-content/plugins/gravityforms-stripe-more/plugin-upgrade.php on line 173
[21-Jul-2017 01:07:49 UTC] PHP Notice:  unserialize(): Error at offset 0 of 362 bytes in /home/marcgrat/staging/2/wp-content/plugins/gravityforms-stripe-more/plugin-upgrade.php on line 168
[21-Jul-2017 01:07:49 UTC] PHP Notice:  Undefined index: is_valid_key in /home/marcgrat/staging/2/wp-content/plugins/gravityforms-stripe-more/plugin-upgrade.php on line 170
[21-Jul-2017 01:07:49 UTC] PHP Notice:  Undefined index: version in /home/marcgrat/staging/2/wp-content/plugins/gravityforms-stripe-more/plugin-upgrade.php on line 171
[21-Jul-2017 01:07:49 UTC] PHP Notice:  Undefined index: package in /home/marcgrat/staging/2/wp-content/plugins/gravityforms-stripe-more/plugin-upgrade.php on line 172
[21-Jul-2017 01:07:49 UTC] PHP Notice:  Undefined index: version_details in /home/marcgrat/staging/2/wp-content/plugins/gravityforms-stripe-more/plugin-upgrade.php on line 173
[21-Jul-2017 01:07:50 UTC] PHP Notice:  unserialize(): Error at offset 0 of 362 bytes in /home/marcgrat/staging/2/wp-content/plugins/gravityforms-stripe-more/plugin-upgrade.php on line 168
[21-Jul-2017 01:07:50 UTC] PHP Notice:  Undefined index: is_valid_key in /home/marcgrat/staging/2/wp-content/plugins/gravityforms-stripe-more/plugin-upgrade.php on line 170
[21-Jul-2017 01:07:50 UTC] PHP Notice:  Undefined index: version in /home/marcgrat/staging/2/wp-content/plugins/gravityforms-stripe-more/plugin-upgrade.php on line 171
[21-Jul-2017 01:07:50 UTC] PHP Notice:  Undefined index: package in /home/marcgrat/staging/2/wp-content/plugins/gravityforms-stripe-more/plugin-upgrade.php on line 172
[21-Jul-2017 01:07:50 UTC] PHP Notice:  Undefined index: version_details in /home/marcgrat/staging/2/wp-content/plugins/gravityforms-stripe-more/plugin-upgrade.php on line 173
[21-Jul-2017 01:12:13 UTC] PHP Strict Standards:  call_user_func_array() expects parameter 1 to be a valid callback, non-static method GFReadyClassesAddon::render_editor_js() should not be called statically in /home/marcgrat/staging/2/wp-includes/class-wp-hook.php on line 298
[21-Jul-2017 01:12:13 UTC] PHP Strict Standards:  Non-static method GFAddonCommon::get_base_url() should not be called statically in /home/marcgrat/staging/2/wp-content/plugins/gravity-forms-css-ready-selector/gf-readyclasses-addon.php on line 59
[21-Jul-2017 01:15:36 UTC] PHP Strict Standards:  call_user_func_array() expects parameter 1 to be a valid callback, non-static method GFReadyClassesAddon::render_editor_js() should not be called statically in /home/marcgrat/staging/2/wp-includes/class-wp-hook.php on line 298
[21-Jul-2017 01:15:36 UTC] PHP Strict Standards:  Non-static method GFAddonCommon::get_base_url() should not be called statically in /home/marcgrat/staging/2/wp-content/plugins/gravity-forms-css-ready-selector/gf-readyclasses-addon.php on line 59
[21-Jul-2017 01:28:03 UTC] PHP Notice:  Trying to get property of non-object in /home/marcgrat/staging/2/wp-content/plugins/gravityforms/common.php on line 3032
[21-Jul-2017 01:28:03 UTC] PHP Notice:  Trying to get property of non-object in /home/marcgrat/staging/2/wp-content/plugins/gravityforms/common.php on line 3032
[21-Jul-2017 01:28:03 UTC] PHP Notice:  Trying to get property of non-object in /home/marcgrat/staging/2/wp-content/plugins/gravityforms/common.php on line 3032
[21-Jul-2017 01:28:03 UTC] PHP Notice:  Trying to get property of non-object in /home/marcgrat/staging/2/wp-content/plugins/gravityforms/common.php on line 3032
[21-Jul-2017 01:28:03 UTC] PHP Notice:  Trying to get property of non-object in /home/marcgrat/staging/2/wp-content/plugins/gravityforms/common.php on line 3032
[01-Aug-2017 19:21:26 UTC] PHP Notice:  Trying to get property of non-object in /home/marcgrat/staging/2/wp-content/plugins/gravityview/includes/class-gv-license-handler.php on line 209
[01-Aug-2017 19:21:30 UTC] WP_Community_Events::maybe_log_events_response: Valid response received. Details: {"api_url":"https:\/\/api.wordpress.org\/events\/1.0\/","request_args":{"body":{"number":5,"ip":"99.120.218.0","locale":"en_US","timezone":"America\/Chicago"}},"response_code":200,"response_body":{"location":{"ip":"99.120.218.0"},"events":"5 events trimmed."}}
[01-Aug-2017 19:53:36 UTC] PHP Notice:  Undefined index: slide-data in /home/marcgrat/staging/2/wp-content/plugins/presenter/presenter.php on line 325
[01-Aug-2017 19:53:36 UTC] PHP Warning:  Invalid argument supplied for foreach() in /home/marcgrat/staging/2/wp-content/plugins/presenter/presenter.php on line 325
[01-Aug-2017 19:53:36 UTC] PHP Notice:  Undefined index: slide-data in /home/marcgrat/staging/2/wp-content/plugins/presenter/presenter.php on line 325
[01-Aug-2017 19:53:36 UTC] PHP Warning:  Invalid argument supplied for foreach() in /home/marcgrat/staging/2/wp-content/plugins/presenter/presenter.php on line 325
[01-Aug-2017 19:53:36 UTC] PHP Notice:  Undefined index: slide-data in /home/marcgrat/staging/2/wp-content/plugins/presenter/presenter.php on line 325
[01-Aug-2017 19:53:36 UTC] PHP Warning:  Invalid argument supplied for foreach() in /home/marcgrat/staging/2/wp-content/plugins/presenter/presenter.php on line 325
[01-Aug-2017 19:53:36 UTC] PHP Notice:  Undefined index: slide-data in /home/marcgrat/staging/2/wp-content/plugins/presenter/presenter.php on line 325
[01-Aug-2017 19:53:36 UTC] PHP Warning:  Invalid argument supplied for foreach() in /home/marcgrat/staging/2/wp-content/plugins/presenter/presenter.php on line 325
[01-Aug-2017 19:53:36 UTC] PHP Notice:  Undefined index: slide-data in /home/marcgrat/staging/2/wp-content/plugins/presenter/presenter.php on line 325
[01-Aug-2017 19:53:36 UTC] PHP Warning:  Invalid argument supplied for foreach() in /home/marcgrat/staging/2/wp-content/plugins/presenter/presenter.php on line 325
[01-Aug-2017 19:53:36 UTC] PHP Notice:  Undefined index: slide-data in /home/marcgrat/staging/2/wp-content/plugins/presenter/presenter.php on line 325
[01-Aug-2017 19:53:36 UTC] PHP Warning:  Invalid argument supplied for foreach() in /home/marcgrat/staging/2/wp-content/plugins/presenter/presenter.php on line 325
[01-Aug-2017 19:53:36 UTC] PHP Notice:  Undefined index: slide-data in /home/marcgrat/staging/2/wp-content/plugins/presenter/presenter.php on line 325
[01-Aug-2017 19:53:36 UTC] PHP Warning:  Invalid argument supplied for foreach() in /home/marcgrat/staging/2/wp-content/plugins/presenter/presenter.php on line 325
[01-Aug-2017 19:53:36 UTC] PHP Notice:  Undefined index: slide-data in /home/marcgrat/staging/2/wp-content/plugins/presenter/presenter.php on line 325
[01-Aug-2017 19:53:36 UTC] PHP Warning:  Invalid argument supplied for foreach() in /home/marcgrat/staging/2/wp-content/plugins/presenter/presenter.php on line 325
[01-Aug-2017 19:53:36 UTC] PHP Notice:  Undefined index: slide-data in /home/marcgrat/staging/2/wp-content/plugins/presenter/presenter.php on line 325
[01-Aug-2017 19:53:36 UTC] PHP Warning:  Invalid argument supplied for foreach() in /home/marcgrat/staging/2/wp-content/plugins/presenter/presenter.php on line 325
[01-Aug-2017 19:53:36 UTC] PHP Notice:  Undefined index: slide-data in /home/marcgrat/staging/2/wp-content/plugins/presenter/presenter.php on line 325
[01-Aug-2017 19:53:36 UTC] PHP Warning:  Invalid argument supplied for foreach() in /home/marcgrat/staging/2/wp-content/plugins/presenter/presenter.php on line 325
[01-Aug-2017 19:53:36 UTC] PHP Notice:  Undefined index: slide-data in /home/marcgrat/staging/2/wp-content/plugins/presenter/presenter.php on line 325
[01-Aug-2017 19:53:36 UTC] PHP Warning:  Invalid argument supplied for foreach() in /home/marcgrat/staging/2/wp-content/plugins/presenter/presenter.php on line 325
[01-Aug-2017 19:53:36 UTC] PHP Notice:  Undefined index: slide-data in /home/marcgrat/staging/2/wp-content/plugins/presenter/presenter.php on line 325
[01-Aug-2017 19:53:36 UTC] PHP Warning:  Invalid argument supplied for foreach() in /home/marcgrat/staging/2/wp-content/plugins/presenter/presenter.php on line 325
[01-Aug-2017 20:37:14 UTC] PHP Notice:  Undefined index: slide-data in /home/marcgrat/staging/2/wp-content/plugins/presenter/presenter.php on line 325
[01-Aug-2017 20:37:14 UTC] PHP Warning:  Invalid argument supplied for foreach() in /home/marcgrat/staging/2/wp-content/plugins/presenter/presenter.php on line 325
[01-Aug-2017 20:37:14 UTC] PHP Notice:  Undefined index: slide-data in /home/marcgrat/staging/2/wp-content/plugins/presenter/presenter.php on line 325
[01-Aug-2017 20:37:14 UTC] PHP Warning:  Invalid argument supplied for foreach() in /home/marcgrat/staging/2/wp-content/plugins/presenter/presenter.php on line 325
[01-Aug-2017 20:37:14 UTC] PHP Notice:  Undefined index: slide-data in /home/marcgrat/staging/2/wp-content/plugins/presenter/presenter.php on line 325
[01-Aug-2017 20:37:14 UTC] PHP Warning:  Invalid argument supplied for foreach() in /home/marcgrat/staging/2/wp-content/plugins/presenter/presenter.php on line 325
[01-Aug-2017 20:37:14 UTC] PHP Notice:  Undefined index: slide-data in /home/marcgrat/staging/2/wp-content/plugins/presenter/presenter.php on line 325
[01-Aug-2017 20:37:14 UTC] PHP Warning:  Invalid argument supplied for foreach() in /home/marcgrat/staging/2/wp-content/plugins/presenter/presenter.php on line 325
[01-Aug-2017 20:37:14 UTC] PHP Notice:  Undefined index: slide-data in /home/marcgrat/staging/2/wp-content/plugins/presenter/presenter.php on line 325
[01-Aug-2017 20:37:14 UTC] PHP Warning:  Invalid argument supplied for foreach() in /home/marcgrat/staging/2/wp-content/plugins/presenter/presenter.php on line 325
[01-Aug-2017 20:37:14 UTC] PHP Notice:  Undefined index: slide-data in /home/marcgrat/staging/2/wp-content/plugins/presenter/presenter.php on line 325
[01-Aug-2017 20:37:14 UTC] PHP Warning:  Invalid argument supplied for foreach() in /home/marcgrat/staging/2/wp-content/plugins/presenter/presenter.php on line 325
[01-Aug-2017 20:37:14 UTC] PHP Notice:  Undefined index: slide-data in /home/marcgrat/staging/2/wp-content/plugins/presenter/presenter.php on line 325
[01-Aug-2017 20:37:14 UTC] PHP Warning:  Invalid argument supplied for foreach() in /home/marcgrat/staging/2/wp-content/plugins/presenter/presenter.php on line 325
[01-Aug-2017 20:37:14 UTC] PHP Notice:  Undefined index: slide-data in /home/marcgrat/staging/2/wp-content/plugins/presenter/presenter.php on line 325
[01-Aug-2017 20:37:14 UTC] PHP Warning:  Invalid argument supplied for foreach() in /home/marcgrat/staging/2/wp-content/plugins/presenter/presenter.php on line 325
[01-Aug-2017 20:37:14 UTC] PHP Notice:  Undefined index: slide-data in /home/marcgrat/staging/2/wp-content/plugins/presenter/presenter.php on line 325
[01-Aug-2017 20:37:14 UTC] PHP Warning:  Invalid argument supplied for foreach() in /home/marcgrat/staging/2/wp-content/plugins/presenter/presenter.php on line 325
[01-Aug-2017 20:37:14 UTC] PHP Notice:  Undefined index: slide-data in /home/marcgrat/staging/2/wp-content/plugins/presenter/presenter.php on line 325
[01-Aug-2017 20:37:14 UTC] PHP Warning:  Invalid argument supplied for foreach() in /home/marcgrat/staging/2/wp-content/plugins/presenter/presenter.php on line 325
[01-Aug-2017 20:37:14 UTC] PHP Notice:  Undefined index: slide-data in /home/marcgrat/staging/2/wp-content/plugins/presenter/presenter.php on line 325
[01-Aug-2017 20:37:14 UTC] PHP Warning:  Invalid argument supplied for foreach() in /home/marcgrat/staging/2/wp-content/plugins/presenter/presenter.php on line 325
[01-Aug-2017 20:37:14 UTC] PHP Notice:  Undefined index: slide-data in /home/marcgrat/staging/2/wp-content/plugins/presenter/presenter.php on line 325
[01-Aug-2017 20:37:14 UTC] PHP Warning:  Invalid argument supplied for foreach() in /home/marcgrat/staging/2/wp-content/plugins/presenter/presenter.php on line 325
[01-Aug-2017 22:40:58 UTC] PHP Notice:  Undefined index: slide-title in /home/marcgrat/staging/2/wp-content/plugins/presenter/presenter.php on line 313
[01-Aug-2017 22:40:58 UTC] PHP Warning:  Invalid argument supplied for foreach() in /home/marcgrat/staging/2/wp-content/plugins/presenter/presenter.php on line 313
[01-Aug-2017 22:40:58 UTC] PHP Notice:  Undefined index: slide-title in /home/marcgrat/staging/2/wp-content/plugins/presenter/presenter.php on line 313
[01-Aug-2017 22:40:58 UTC] PHP Warning:  Invalid argument supplied for foreach() in /home/marcgrat/staging/2/wp-content/plugins/presenter/presenter.php on line 313
[01-Aug-2017 22:40:58 UTC] PHP Notice:  Undefined index: slide-title in /home/marcgrat/staging/2/wp-content/plugins/presenter/presenter.php on line 313
[01-Aug-2017 22:40:58 UTC] PHP Warning:  Invalid argument supplied for foreach() in /home/marcgrat/staging/2/wp-content/plugins/presenter/presenter.php on line 313
[01-Aug-2017 22:40:58 UTC] PHP Notice:  Undefined index: slide-title in /home/marcgrat/staging/2/wp-content/plugins/presenter/presenter.php on line 313
[01-Aug-2017 22:40:58 UTC] PHP Warning:  Invalid argument supplied for foreach() in /home/marcgrat/staging/2/wp-content/plugins/presenter/presenter.php on line 313
[02-Aug-2017 04:32:47 UTC] PHP Notice:  Undefined index: slide-title in /home/marcgrat/staging/2/wp-content/plugins/presenter/presenter.php on line 313
[02-Aug-2017 04:32:47 UTC] PHP Warning:  Invalid argument supplied for foreach() in /home/marcgrat/staging/2/wp-content/plugins/presenter/presenter.php on line 313
[02-Aug-2017 04:32:47 UTC] PHP Notice:  Undefined index: slide-title in /home/marcgrat/staging/2/wp-content/plugins/presenter/presenter.php on line 313
[02-Aug-2017 04:32:47 UTC] PHP Warning:  Invalid argument supplied for foreach() in /home/marcgrat/staging/2/wp-content/plugins/presenter/presenter.php on line 313
[02-Aug-2017 04:32:48 UTC] PHP Notice:  Undefined index: slide-title in /home/marcgrat/staging/2/wp-content/plugins/presenter/presenter.php on line 313
[02-Aug-2017 04:32:48 UTC] PHP Warning:  Invalid argument supplied for foreach() in /home/marcgrat/staging/2/wp-content/plugins/presenter/presenter.php on line 313
[02-Aug-2017 04:32:48 UTC] PHP Notice:  Undefined index: slide-title in /home/marcgrat/staging/2/wp-content/plugins/presenter/presenter.php on line 313
[02-Aug-2017 04:32:48 UTC] PHP Warning:  Invalid argument supplied for foreach() in /home/marcgrat/staging/2/wp-content/plugins/presenter/presenter.php on line 313
[02-Aug-2017 04:42:20 UTC] PHP Notice:  Undefined index: slide-data in /home/marcgrat/staging/2/wp-content/plugins/presenter/presenter.php on line 325
[02-Aug-2017 04:42:20 UTC] PHP Warning:  Invalid argument supplied for foreach() in /home/marcgrat/staging/2/wp-content/plugins/presenter/presenter.php on line 325
[02-Aug-2017 04:42:20 UTC] PHP Notice:  Undefined index: slide-data in /home/marcgrat/staging/2/wp-content/plugins/presenter/presenter.php on line 325
[02-Aug-2017 04:42:20 UTC] PHP Warning:  Invalid argument supplied for foreach() in /home/marcgrat/staging/2/wp-content/plugins/presenter/presenter.php on line 325
[02-Aug-2017 04:42:20 UTC] PHP Notice:  Undefined index: slide-data in /home/marcgrat/staging/2/wp-content/plugins/presenter/presenter.php on line 325
[02-Aug-2017 04:42:20 UTC] PHP Warning:  Invalid argument supplied for foreach() in /home/marcgrat/staging/2/wp-content/plugins/presenter/presenter.php on line 325
[02-Aug-2017 04:42:20 UTC] PHP Notice:  Undefined index: slide-data in /home/marcgrat/staging/2/wp-content/plugins/presenter/presenter.php on line 325
[02-Aug-2017 04:42:20 UTC] PHP Warning:  Invalid argument supplied for foreach() in /home/marcgrat/staging/2/wp-content/plugins/presenter/presenter.php on line 325
[02-Aug-2017 04:42:20 UTC] PHP Notice:  Undefined index: slide-data in /home/marcgrat/staging/2/wp-content/plugins/presenter/presenter.php on line 325
[02-Aug-2017 04:42:20 UTC] PHP Warning:  Invalid argument supplied for foreach() in /home/marcgrat/staging/2/wp-content/plugins/presenter/presenter.php on line 325
[02-Aug-2017 04:42:20 UTC] PHP Notice:  Undefined index: slide-data in /home/marcgrat/staging/2/wp-content/plugins/presenter/presenter.php on line 325
[02-Aug-2017 04:42:20 UTC] PHP Warning:  Invalid argument supplied for foreach() in /home/marcgrat/staging/2/wp-content/plugins/presenter/presenter.php on line 325
[04-Aug-2017 15:23:54 UTC] WP_Community_Events::maybe_log_events_response: Valid response received. Details: {"api_url":"https:\/\/api.wordpress.org\/events\/1.0\/","request_args":{"body":{"number":5,"ip":"99.120.218.0","locale":"en_US","timezone":"America\/Chicago"}},"response_code":200,"response_body":{"location":{"ip":"99.120.218.0"},"events":"5 events trimmed."}}
[04-Aug-2017 16:02:42 UTC] WP_Community_Events::maybe_log_events_response: Valid response received. Details: {"api_url":"https:\/\/api.wordpress.org\/events\/1.0\/","request_args":{"body":{"number":5,"ip":"99.120.218.0","locale":"en_US","timezone":"America\/Chicago"}},"response_code":200,"response_body":{"location":{"ip":"99.120.218.0"},"events":"5 events trimmed."}}
[11-Aug-2017 15:55:04 UTC] PHP Strict Standards:  call_user_func_array() expects parameter 1 to be a valid callback, non-static method GFReadyClassesAddon::render_editor_js() should not be called statically in /home/marcgrat/staging/2/wp-includes/class-wp-hook.php on line 298
[11-Aug-2017 15:55:04 UTC] PHP Strict Standards:  Non-static method GFAddonCommon::get_base_url() should not be called statically in /home/marcgrat/staging/2/wp-content/plugins/gravity-forms-css-ready-selector/gf-readyclasses-addon.php on line 59
